<?xml version="1.0" encoding="UTF-8"?>
<!-- Generated by org.testng.reporters.JUnitReportReporter -->
<testsuite hostname="DESKTOP-LBB4HR3" failures="0" tests="1" name="mar14th.ExplicitWaitAmazonAssignment" time="88.053" errors="1" timestamp="2024-03-21T16:36:16 IST" skipped="0">
  <testcase classname="mar14th.ExplicitWaitAmazonAssignment" name="waitsTest" time="88.053">
    <error message="element click intercepted: Element &lt;img alt=&quot;op&quot; src=&quot;https://images-eu.ssl-images-amazon.com/images/G/31/img22/Wireless/devjyoti/GW/Uber/Nov/D103625178_DesktopTallHero_3000x1200._CB574597993_.jpg&quot; height=&quot;100%&quot; width=&quot;1500px&quot; data-a-hires=&quot;https://images-eu.ssl-images-amazon.com/images/G/31/img22/Wireless/devjyoti/GW/Uber/Nov/D103625178_DesktopTallHero_3000x1200._CB574597993_.jpg&quot;&gt; is not clickable at point (674, 353). Other element would receive the click: &lt;div id=&quot;desktop-grid-3&quot; data-gwi=&quot;{&amp;quot;visible&amp;quot;:&amp;quot;desktop-grid-3-visible&amp;quot;,&amp;quot;active&amp;quot;:&amp;quot;desktop-grid-3-active&amp;quot;}&quot; data-display-at=&quot;smws&quot; data-order-ws=&quot;3&quot; class=&quot;gw-col csm-placement-id-f34116c1-3bbf-4330-a06d-35e88a4422a0 desktop-gateway-atf_bf69129a-015d-4516-b0b6-9de50bcab00f celwidget pd_rd_wg-EC9S4 pd_rd_w-uGW5R pd_rd_r-4609a1cf-2aac-41ce-86bf-ae9091c0c4e8&quot; data-order-sm=&quot;3&quot; data-pf_rd_p=&quot;f34116c1-3bbf-4330-a06d-35e88a4422a0&quot; data-pd_rd_wg=&quot;EC9S4&quot; data-pd_rd_w=&quot;uGW5R&quot; data-pd_rd_r=&quot;4609a1cf-2aac-41ce-86bf-ae9091c0c4e8&quot; data-ref_=&quot;pd_gw_unk&quot; data-csa-op-log-render=&quot;&quot; data-csa-c-type=&quot;widget&quot; data-csa-c-slot-id=&quot;desktop-grid-3&quot; data-csa-c-content-id=&quot;amzn1.sym.f34116c1-3bbf-4330-a06d-35e88a4422a0&quot; data-csa-c-painter=&quot;fluid-quad-image-label-v2&quot; data-csa-c-id=&quot;2gw79r-i8bhi9-xosujj-drjugf&quot; data-cel-widget=&quot;desktop-grid-3&quot;&gt;...&lt;/div&gt;
  (Session info: chrome=122.0.6261.129)
Build info: version: &#039;4.12.1&#039;, revision: &#039;8e34639b11&#039;
System info: os.name: &#039;Windows 10&#039;, os.arch: &#039;amd64&#039;, os.version: &#039;10.0&#039;, java.version: &#039;17.0.4.1&#039;
Driver info: org.openqa.selenium.chrome.ChromeDriver
Command: [671891495748e15ab54b5a3b76b5a42f, clickElement {id=f.B74AE53B902783CF34E748EC5CBE66F1.d.0F8B7BF5CAB83184462672CE951FBBF1.e.114}]
Capabilities {acceptInsecureCerts: false, browserName: chrome, browserVersion: 122.0.6261.129, chrome: {chromedriverVersion: 122.0.6261.128 (f18a44fedeb..., userDataDir: C:\Users\HP\AppData\Local\T...}, fedcm:accounts: true, goog:chromeOptions: {debuggerAddress: localhost:62545}, networkConnectionEnabled: false, pageLoadStrategy: normal, platformName: windows, proxy: Proxy(), se:cdp: ws://localhost:62545/devtoo..., se:cdpVersion: 122.0.6261.129, setWindowRect: true, strictFileInteractability: false, timeouts: {implicit: 0, pageLoad: 300000, script: 30000}, unhandledPromptBehavior: dismiss and notify, webauthn:extension:credBlob: true, webauthn:extension:largeBlob: true, webauthn:extension:minPinLength: true, webauthn:extension:prf: true, webauthn:virtualAuthenticators: true}
Element: [[ChromeDriver: chrome on windows (671891495748e15ab54b5a3b76b5a42f)] -&gt; xpath: //img[@alt=&#039;op&#039;]]
Session ID: 671891495748e15ab54b5a3b76b5a42f" type="org.openqa.selenium.ElementClickInterceptedException">
      <![CDATA[org.openqa.selenium.ElementClickInterceptedException: element click intercepted: Element <img alt="op" src="https://images-eu.ssl-images-amazon.com/images/G/31/img22/Wireless/devjyoti/GW/Uber/Nov/D103625178_DesktopTallHero_3000x1200._CB574597993_.jpg" height="100%" width="1500px" data-a-hires="https://images-eu.ssl-images-amazon.com/images/G/31/img22/Wireless/devjyoti/GW/Uber/Nov/D103625178_DesktopTallHero_3000x1200._CB574597993_.jpg"> is not clickable at point (674, 353). Other element would receive the click: <div id="desktop-grid-3" data-gwi="{&quot;visible&quot;:&quot;desktop-grid-3-visible&quot;,&quot;active&quot;:&quot;desktop-grid-3-active&quot;}" data-display-at="smws" data-order-ws="3" class="gw-col csm-placement-id-f34116c1-3bbf-4330-a06d-35e88a4422a0 desktop-gateway-atf_bf69129a-015d-4516-b0b6-9de50bcab00f celwidget pd_rd_wg-EC9S4 pd_rd_w-uGW5R pd_rd_r-4609a1cf-2aac-41ce-86bf-ae9091c0c4e8" data-order-sm="3" data-pf_rd_p="f34116c1-3bbf-4330-a06d-35e88a4422a0" data-pd_rd_wg="EC9S4" data-pd_rd_w="uGW5R" data-pd_rd_r="4609a1cf-2aac-41ce-86bf-ae9091c0c4e8" data-ref_="pd_gw_unk" data-csa-op-log-render="" data-csa-c-type="widget" data-csa-c-slot-id="desktop-grid-3" data-csa-c-content-id="amzn1.sym.f34116c1-3bbf-4330-a06d-35e88a4422a0" data-csa-c-painter="fluid-quad-image-label-v2" data-csa-c-id="2gw79r-i8bhi9-xosujj-drjugf" data-cel-widget="desktop-grid-3">...</div>
  (Session info: chrome=122.0.6261.129)
Build info: version: '4.12.1', revision: '8e34639b11'
System info: os.name: 'Windows 10', os.arch: 'amd64', os.version: '10.0', java.version: '17.0.4.1'
Driver info: org.openqa.selenium.chrome.ChromeDriver
Command: [671891495748e15ab54b5a3b76b5a42f, clickElement {id=f.B74AE53B902783CF34E748EC5CBE66F1.d.0F8B7BF5CAB83184462672CE951FBBF1.e.114}]
Capabilities {acceptInsecureCerts: false, browserName: chrome, browserVersion: 122.0.6261.129, chrome: {chromedriverVersion: 122.0.6261.128 (f18a44fedeb..., userDataDir: C:\Users\HP\AppData\Local\T...}, fedcm:accounts: true, goog:chromeOptions: {debuggerAddress: localhost:62545}, networkConnectionEnabled: false, pageLoadStrategy: normal, platformName: windows, proxy: Proxy(), se:cdp: ws://localhost:62545/devtoo..., se:cdpVersion: 122.0.6261.129, setWindowRect: true, strictFileInteractability: false, timeouts: {implicit: 0, pageLoad: 300000, script: 30000}, unhandledPromptBehavior: dismiss and notify, webauthn:extension:credBlob: true, webauthn:extension:largeBlob: true, webauthn:extension:minPinLength: true, webauthn:extension:prf: true, webauthn:virtualAuthenticators: true}
Element: [[ChromeDriver: chrome on windows (671891495748e15ab54b5a3b76b5a42f)] -> xpath: //img[@alt='op']]
Session ID: 671891495748e15ab54b5a3b76b5a42f
at java.base/jdk.internal.reflect.NativeConstructorAccessorImpl.newInstance0(Native Method)
at java.base/jdk.internal.reflect.NativeConstructorAccessorImpl.newInstance(NativeConstructorAccessorImpl.java:77)
at java.base/jdk.internal.reflect.DelegatingConstructorAccessorImpl.newInstance(DelegatingConstructorAccessorImpl.java:45)
at java.base/java.lang.reflect.Constructor.newInstanceWithCaller(Constructor.java:499)
at java.base/java.lang.reflect.Constructor.newInstance(Constructor.java:480)
at org.openqa.selenium.remote.codec.w3c.W3CHttpResponseCodec.createException(W3CHttpResponseCodec.java:200)
at org.openqa.selenium.remote.codec.w3c.W3CHttpResponseCodec.decode(W3CHttpResponseCodec.java:133)
at org.openqa.selenium.remote.codec.w3c.W3CHttpResponseCodec.decode(W3CHttpResponseCodec.java:52)
at org.openqa.selenium.remote.HttpCommandExecutor.execute(HttpCommandExecutor.java:191)
at org.openqa.selenium.remote.service.DriverCommandExecutor.invokeExecute(DriverCommandExecutor.java:196)
at org.openqa.selenium.remote.service.DriverCommandExecutor.execute(DriverCommandExecutor.java:171)
at org.openqa.selenium.remote.RemoteWebDriver.execute(RemoteWebDriver.java:602)
at org.openqa.selenium.remote.RemoteWebElement.execute(RemoteWebElement.java:224)
at org.openqa.selenium.remote.RemoteWebElement.click(RemoteWebElement.java:77)
at mar14th.ExplicitWaitAmazonAssignment.waitsTest(ExplicitWaitAmazonAssignment.java:35)
at java.base/jdk.internal.reflect.NativeMethodAccessorImpl.invoke0(Native Method)
at java.base/jdk.internal.reflect.NativeMethodAccessorImpl.invoke(NativeMethodAccessorImpl.java:77)
at java.base/jdk.internal.reflect.DelegatingMethodAccessorImpl.invoke(DelegatingMethodAccessorImpl.java:43)
at java.base/java.lang.reflect.Method.invoke(Method.java:568)
at org.testng.internal.invokers.MethodInvocationHelper.invokeMethod(MethodInvocationHelper.java:139)
at org.testng.internal.invokers.TestInvoker.invokeMethod(TestInvoker.java:664)
at org.testng.internal.invokers.TestInvoker.invokeTestMethod(TestInvoker.java:228)
at org.testng.internal.invokers.MethodRunner.runInSequence(MethodRunner.java:63)
at org.testng.internal.invokers.TestInvoker$MethodInvocationAgent.invoke(TestInvoker.java:961)
at org.testng.internal.invokers.TestInvoker.invokeTestMethods(TestInvoker.java:201)
at org.testng.internal.invokers.TestMethodWorker.invokeTestMethods(TestMethodWorker.java:148)
at org.testng.internal.invokers.TestMethodWorker.run(TestMethodWorker.java:128)
at java.base/java.util.ArrayList.forEach(ArrayList.java:1511)
at org.testng.TestRunner.privateRun(TestRunner.java:819)
at org.testng.TestRunner.run(TestRunner.java:619)
at org.testng.SuiteRunner.runTest(SuiteRunner.java:443)
at org.testng.SuiteRunner.runSequentially(SuiteRunner.java:437)
at org.testng.SuiteRunner.privateRun(SuiteRunner.java:397)
at org.testng.SuiteRunner.run(SuiteRunner.java:336)
at org.testng.SuiteRunnerWorker.runSuite(SuiteRunnerWorker.java:52)
at org.testng.SuiteRunnerWorker.run(SuiteRunnerWorker.java:95)
at org.testng.TestNG.runSuitesSequentially(TestNG.java:1301)
at org.testng.TestNG.runSuitesLocally(TestNG.java:1228)
at org.testng.TestNG.runSuites(TestNG.java:1134)
at org.testng.TestNG.run(TestNG.java:1101)
at org.testng.remote.AbstractRemoteTestNG.run(AbstractRemoteTestNG.java:115)
at org.testng.remote.RemoteTestNG.initAndRun(RemoteTestNG.java:251)
at org.testng.remote.RemoteTestNG.main(RemoteTestNG.java:77)
]]>
    </error>
  </testcase> <!-- waitsTest -->
</testsuite> <!-- mar14th.ExplicitWaitAmazonAssignment -->
